msa_pm_ssc <- spatialShrunkenCentroids(msa_pm,
                                       weights="adaptive", r=2, k=8, s=2^(1:6))
msa_pm_ssc 
ResultsList of length 6
names(6): r=2,k=8,s=2 r=2,k=8,s=4 r=2,k=8,s=8 r=2,k=8,s=16 r=2,k=8,s=32 r=2,k=8,s=64
model: SpatialShrunkenCentroids 
             r k  s  weights clusters sparsity   AIC      BIC
r=2,k=8,s=2  2 8  2 adaptive        1        1 40000 190880.5
r=2,k=8,s=4  2 8  4 adaptive        1        1 40000 190880.5
r=2,k=8,s=8  2 8  8 adaptive        1        1 40000 190880.5
r=2,k=8,s=16 2 8 16 adaptive        1        1 40000 190880.5
r=2,k=8,s=32 2 8 32 adaptive        1        1 40000 190880.5
r=2,k=8,s=64 2 8 64 adaptive        1        1 40000 190880.5
> 2^(1:6)
[1]  2  4  8 16 32 64

> msa_pm_peaks
MSImagingExperiment with 300 features and 13961 spectra 
spectraData(1): intensity
featureData(3): mz, count, freq
pixelData(4): x, y, run, TIC
coord(2): x = 75...474, y = 53...153
runNames(1): pm
metadata(1): processing_20250227122601
experimentData(11): spectrumType, instrumentModel, ionSource, ..., scanType, lineScanDirection, pixelSize
mass range:  290.8378 to 1158.0487 
centroided: TRUE 
